<?xml version="1.0" encoding="UTF-8"?>
<!-- Generated by org.testng.reporters.JUnitXMLReporter -->
<testsuite ignored="0" hostname="RaviGone" failures="0" tests="1" name="Third report" time="0.094" errors="0" timestamp="16 Aug 2021 06:16:11 GMT">
  <testcase classname="Day8_Emailable_Report.Test3_Browser" name="@BeforeTest OpenBrowser" time="0.0">
    <failure type="org.testng.TestNGException" message="
Method OpenBrowser requires 2 parameters but 1 were supplied in the BeforeTest annotation.">
      <![CDATA[org.testng.TestNGException: 
Method OpenBrowser requires 2 parameters but 1 were supplied in the BeforeTest annotation.
... Removed 21 stack frames]]>
    </failure>
  </testcase> <!-- @BeforeTest OpenBrowser -->
  <testcase classname="Day8_Emailable_Report.Test3_Browser" name="@AfterTest closeBrowser" time="0.0">
    <skipped/>
  </testcase> <!-- @AfterTest closeBrowser -->
  <testcase classname="Day8_Emailable_Report.Test3_Browser" name="Login" time="0.0">
    <skipped/>
  </testcase> <!-- Login -->
</testsuite> <!-- Third report -->
