<?xml version="1.0" encoding="UTF-8"?>
<!-- Generated by org.testng.reporters.JUnitReportReporter -->
<testsuite hostname="RaviGone" failures="0" tests="1" name="Day_009_TestNG_Parameters.Test2_NonStatic_Paarameters" time="43.205" errors="1" timestamp="23 Aug 2021 13:05:24 GMT" skipped="0">
  <testcase classname="Day_009_TestNG_Parameters.Test2_NonStatic_Paarameters" name="Login_Test" time="43.205">
    <error message="session not created
from disconnected: received Inspector.detached event
  (Session info: chrome=92.0.4515.159)
Build info: version: &#039;3.141.59&#039;, revision: &#039;e82be7d358&#039;, time: &#039;2018-11-14T08:17:03&#039;
System info: host: &#039;RAVIGONE&#039;, ip: &#039;192.168.0.3&#039;, os.name: &#039;Windows 10&#039;, os.arch: &#039;amd64&#039;, os.version: &#039;10.0&#039;, java.version: &#039;12.0.1&#039;
Driver info: driver.version: ChromeDriver
remote stacktrace: Backtrace:
	Ordinal0 [0x00FD2A33+2501171]
	Ordinal0 [0x00F6D1C1+2085313]
	Ordinal0 [0x00E71FA8+1056680]
	Ordinal0 [0x00E65474+1004660]
	Ordinal0 [0x00E650B6+1003702]
	Ordinal0 [0x00E647FA+1001466]
	Ordinal0 [0x00E6398D+997773]
	Ordinal0 [0x00E63C46+998470]
	Ordinal0 [0x00E63535+996661]
	Ordinal0 [0x00E6E0C4+1040580]
	Ordinal0 [0x00E634F1+996593]
	Ordinal0 [0x00E64416+1000470]
	Ordinal0 [0x00E6398D+997773]
	Ordinal0 [0x00E63C46+998470]
	Ordinal0 [0x00E63535+996661]
	Ordinal0 [0x00E6C13A+1032506]
	Ordinal0 [0x00E634F1+996593]
	Ordinal0 [0x00E64416+1000470]
	Ordinal0 [0x00E6398D+997773]
	Ordinal0 [0x00E63C46+998470]
	Ordinal0 [0x00E63535+996661]
	Ordinal0 [0x00E69FC9+1023945]
	Ordinal0 [0x00E634F1+996593]
	Ordinal0 [0x00E64416+1000470]
	Ordinal0 [0x00E6398D+997773]
	Ordinal0 [0x00E63C46+998470]
	Ordinal0 [0x00E63535+996661]
	Ordinal0 [0x00E692EC+1020652]
	Ordinal0 [0x00E634F1+996593]
	Ordinal0 [0x00E64416+1000470]
	Ordinal0 [0x00E6398D+997773]
	Ordinal0 [0x00E63C46+998470]
	Ordinal0 [0x00E63535+996661]
	Ordinal0 [0x00E5F10D+979213]
	Ordinal0 [0x00E634F1+996593]
	Ordinal0 [0x00E63290+995984]
	Ordinal0 [0x00E63029+995369]
	Ordinal0 [0x00E731C0+1061312]
	Ordinal0 [0x00EBA93B+1354043]
	Ordinal0 [0x00EB960A+1349130]
	Ordinal0 [0x00EB551B+1332507]
	Ordinal0 [0x00E91D74+1187188]
	Ordinal0 [0x00E92BD9+1190873]
	GetHandleVerifier [0x0114EFE6+1504438]
	GetHandleVerifier [0x011FDDA5+2220661]
	GetHandleVerifier [0x01055589+481881]
	GetHandleVerifier [0x01054639+477961]
	Ordinal0 [0x00F728BD+2107581]
	Ordinal0 [0x00F76728+2123560]
	Ordinal0 [0x00F76862+2123874]
	Ordinal0 [0x00F7FA81+2161281]
	BaseThreadInitThunk [0x761A6359+25]
	RtlGetAppContainerNamedObjectPath [0x77A08944+228]
	RtlGetAppContainerNamedObjectPath [0x77A08914+180]
" type="org.openqa.selenium.SessionNotCreatedException">
      <![CDATA[org.openqa.selenium.SessionNotCreatedException: session not created
from disconnected: received Inspector.detached event
  (Session info: chrome=92.0.4515.159)
Build info: version: '3.141.59', revision: 'e82be7d358', time: '2018-11-14T08:17:03'
System info: host: 'RAVIGONE', ip: '192.168.0.3', os.name: 'Windows 10', os.arch: 'amd64', os.version: '10.0', java.version: '12.0.1'
Driver info: driver.version: ChromeDriver
remote stacktrace: Backtrace:
Ordinal0 [0x00FD2A33+2501171]
Ordinal0 [0x00F6D1C1+2085313]
Ordinal0 [0x00E71FA8+1056680]
Ordinal0 [0x00E65474+1004660]
Ordinal0 [0x00E650B6+1003702]
Ordinal0 [0x00E647FA+1001466]
Ordinal0 [0x00E6398D+997773]
Ordinal0 [0x00E63C46+998470]
Ordinal0 [0x00E63535+996661]
Ordinal0 [0x00E6E0C4+1040580]
Ordinal0 [0x00E634F1+996593]
Ordinal0 [0x00E64416+1000470]
Ordinal0 [0x00E6398D+997773]
Ordinal0 [0x00E63C46+998470]
Ordinal0 [0x00E63535+996661]
Ordinal0 [0x00E6C13A+1032506]
Ordinal0 [0x00E634F1+996593]
Ordinal0 [0x00E64416+1000470]
Ordinal0 [0x00E6398D+997773]
Ordinal0 [0x00E63C46+998470]
Ordinal0 [0x00E63535+996661]
Ordinal0 [0x00E69FC9+1023945]
Ordinal0 [0x00E634F1+996593]
Ordinal0 [0x00E64416+1000470]
Ordinal0 [0x00E6398D+997773]
Ordinal0 [0x00E63C46+998470]
Ordinal0 [0x00E63535+996661]
Ordinal0 [0x00E692EC+1020652]
Ordinal0 [0x00E634F1+996593]
Ordinal0 [0x00E64416+1000470]
Ordinal0 [0x00E6398D+997773]
Ordinal0 [0x00E63C46+998470]
Ordinal0 [0x00E63535+996661]
Ordinal0 [0x00E5F10D+979213]
Ordinal0 [0x00E634F1+996593]
Ordinal0 [0x00E63290+995984]
Ordinal0 [0x00E63029+995369]
Ordinal0 [0x00E731C0+1061312]
Ordinal0 [0x00EBA93B+1354043]
Ordinal0 [0x00EB960A+1349130]
Ordinal0 [0x00EB551B+1332507]
Ordinal0 [0x00E91D74+1187188]
Ordinal0 [0x00E92BD9+1190873]
GetHandleVerifier [0x0114EFE6+1504438]
GetHandleVerifier [0x011FDDA5+2220661]
GetHandleVerifier [0x01055589+481881]
GetHandleVerifier [0x01054639+477961]
Ordinal0 [0x00F728BD+2107581]
Ordinal0 [0x00F76728+2123560]
Ordinal0 [0x00F76862+2123874]
Ordinal0 [0x00F7FA81+2161281]
BaseThreadInitThunk [0x761A6359+25]
RtlGetAppContainerNamedObjectPath [0x77A08944+228]
RtlGetAppContainerNamedObjectPath [0x77A08914+180]

at java.base/jdk.internal.reflect.NativeConstructorAccessorImpl.newInstance0(Native Method)
at java.base/jdk.internal.reflect.NativeConstructorAccessorImpl.newInstance(NativeConstructorAccessorImpl.java:62)
at java.base/jdk.internal.reflect.DelegatingConstructorAccessorImpl.newInstance(DelegatingConstructorAccessorImpl.java:45)
at java.base/java.lang.reflect.Constructor.newInstanceWithCaller(Constructor.java:500)
at java.base/java.lang.reflect.Constructor.newInstance(Constructor.java:481)
at org.openqa.selenium.remote.W3CHandshakeResponse.lambda$errorHandler$0(W3CHandshakeResponse.java:62)
at org.openqa.selenium.remote.HandshakeResponse.lambda$getResponseFunction$0(HandshakeResponse.java:30)
at org.openqa.selenium.remote.ProtocolHandshake.lambda$createSession$0(ProtocolHandshake.java:126)
at java.base/java.util.stream.ReferencePipeline$3$1.accept(ReferencePipeline.java:195)
at java.base/java.util.Spliterators$ArraySpliterator.tryAdvance(Spliterators.java:958)
at java.base/java.util.stream.ReferencePipeline.forEachWithCancel(ReferencePipeline.java:127)
at java.base/java.util.stream.AbstractPipeline.copyIntoWithCancel(AbstractPipeline.java:502)
at java.base/java.util.stream.AbstractPipeline.copyInto(AbstractPipeline.java:488)
at java.base/java.util.stream.AbstractPipeline.wrapAndCopyInto(AbstractPipeline.java:474)
at java.base/java.util.stream.FindOps$FindOp.evaluateSequential(FindOps.java:150)
at java.base/java.util.stream.AbstractPipeline.evaluate(AbstractPipeline.java:234)
at java.base/java.util.stream.ReferencePipeline.findFirst(ReferencePipeline.java:543)
at org.openqa.selenium.remote.ProtocolHandshake.createSession(ProtocolHandshake.java:128)
at org.openqa.selenium.remote.ProtocolHandshake.createSession(ProtocolHandshake.java:74)
at org.openqa.selenium.remote.HttpCommandExecutor.execute(HttpCommandExecutor.java:136)
at org.openqa.selenium.remote.service.DriverCommandExecutor.execute(DriverCommandExecutor.java:83)
at org.openqa.selenium.remote.RemoteWebDriver.execute(RemoteWebDriver.java:552)
at org.openqa.selenium.remote.RemoteWebDriver.startSession(RemoteWebDriver.java:213)
at org.openqa.selenium.remote.RemoteWebDriver.<init>(RemoteWebDriver.java:131)
at org.openqa.selenium.chrome.ChromeDriver.<init>(ChromeDriver.java:181)
at org.openqa.selenium.chrome.ChromeDriver.<init>(ChromeDriver.java:168)
at org.openqa.selenium.chrome.ChromeDriver.<init>(ChromeDriver.java:123)
at Day_009_TestNG_Parameters.Test2_NonStatic_Paarameters.OpenChromeBrowser(Test2_NonStatic_Paarameters.java:78)
at Day_009_TestNG_Parameters.Test2_NonStatic_Paarameters.Login_Test(Test2_NonStatic_Paarameters.java:47)
at java.base/jdk.internal.reflect.NativeMethodAccessorImpl.invoke0(Native Method)
at java.base/jdk.internal.reflect.NativeMethodAccessorImpl.invoke(NativeMethodAccessorImpl.java:62)
at java.base/jdk.internal.reflect.DelegatingMethodAccessorImpl.invoke(DelegatingMethodAccessorImpl.java:43)
at java.base/java.lang.reflect.Method.invoke(Method.java:567)
at org.testng.internal.MethodInvocationHelper.invokeMethod(MethodInvocationHelper.java:124)
at org.testng.internal.Invoker.invokeMethod(Invoker.java:583)
at org.testng.internal.Invoker.invokeTestMethod(Invoker.java:719)
at org.testng.internal.Invoker.invokeTestMethods(Invoker.java:989)
at org.testng.internal.TestMethodWorker.invokeTestMethods(TestMethodWorker.java:125)
at org.testng.internal.TestMethodWorker.run(TestMethodWorker.java:109)
at org.testng.TestRunner.privateRun(TestRunner.java:648)
at org.testng.TestRunner.run(TestRunner.java:505)
at org.testng.SuiteRunner.runTest(SuiteRunner.java:455)
at org.testng.SuiteRunner.runSequentially(SuiteRunner.java:450)
at org.testng.SuiteRunner.privateRun(SuiteRunner.java:415)
at org.testng.SuiteRunner.run(SuiteRunner.java:364)
at org.testng.SuiteRunnerWorker.runSuite(SuiteRunnerWorker.java:52)
at org.testng.SuiteRunnerWorker.run(SuiteRunnerWorker.java:84)
at org.testng.TestNG.runSuitesSequentially(TestNG.java:1208)
at org.testng.TestNG.runSuitesLocally(TestNG.java:1137)
at org.testng.TestNG.runSuites(TestNG.java:1049)
at org.testng.TestNG.run(TestNG.java:1017)
at org.testng.remote.AbstractRemoteTestNG.run(AbstractRemoteTestNG.java:115)
at org.testng.remote.RemoteTestNG.initAndRun(RemoteTestNG.java:251)
at org.testng.remote.RemoteTestNG.main(RemoteTestNG.java:77)
]]>
    </error>
  </testcase> <!-- Login_Test -->
</testsuite> <!-- Day_009_TestNG_Parameters.Test2_NonStatic_Paarameters -->
